{"/home/wilian/go/src/github.com/ZupIT/horusec/horusec-admin/src/config/config.ts": {"path":"/home/wilian/go/src/github.com/ZupIT/horusec/horusec-admin/src/config/config.ts","statementMap":{"0":{"start":{"line":1,"column":0},"end":{"line":1,"column":44}},"1":{"start":{"line":15,"column":16},"end":{"line":15,"column":32}},"2":{"start":{"line":17,"column":8},"end":{"line":17,"column":23}},"3":{"start":{"line":18,"column":8},"end":{"line":18,"column":22}},"4":{"start":{"line":19,"column":8},"end":{"line":19,"column":26}},"5":{"start":{"line":23,"column":8},"end":{"line":27,"column":10}},"6":{"start":{"line":31,"column":8},"end":{"line":31,"column":84}},"7":{"start":{"line":35,"column":8},"end":{"line":35,"column":141}},"8":{"start":{"line":39,"column":32},"end":{"line":39,"column":99}},"9":{"start":{"line":40,"column":8},"end":{"line":40,"column":61}},"10":{"start":{"line":9,"column":0},"end":{"line":9,"column":13}}},"fnMap":{"0":{"name":"(anonymous_0)","decl":{"start":{"line":14,"column":4},"end":{"line":14,"column":null}},"loc":{"start":{"line":15,"column":45},"end":{"line":20,"column":5}}},"1":{"name":"(anonymous_1)","decl":{"start":{"line":22,"column":11},"end":{"line":22,"column":20}},"loc":{"start":{"line":22,"column":20},"end":{"line":28,"column":5}}},"2":{"name":"(anonymous_2)","decl":{"start":{"line":30,"column":12},"end":{"line":30,"column":19}},"loc":{"start":{"line":30,"column":19},"end":{"line":32,"column":5}}},"3":{"name":"(anonymous_3)","decl":{"start":{"line":34,"column":12},"end":{"line":34,"column":18}},"loc":{"start":{"line":34,"column":18},"end":{"line":36,"column":5}}},"4":{"name":"(anonymous_4)","decl":{"start":{"line":38,"column":12},"end":{"line":38,"column":22}},"loc":{"start":{"line":38,"column":22},"end":{"line":41,"column":5}}}},"branchMap":{"0":{"loc":{"start":{"line":15,"column":32},"end":{"line":15,"column":45}},"type":"default-arg","locations":[{"start":{"line":15,"column":32},"end":{"line":15,"column":45}}]},"1":{"loc":{"start":{"line":40,"column":23},"end":{"line":40,"column":41}},"type":"binary-expr","locations":[{"start":{"line":40,"column":23},"end":{"line":40,"column":41}},{"start":{"line":40,"column":45},"end":{"line":40,"column":60}}]}},"s":{"0":5,"1":19,"2":19,"3":19,"4":19,"5":19,"6":19,"7":19,"8":19,"9":19,"10":5},"f":{"0":19,"1":19,"2":19,"3":19,"4":19},"b":{"0":[19],"1":[19,18]}}
,"/home/wilian/go/src/github.com/ZupIT/horusec/horusec-admin/src/controllers/health_controller.ts": {"path":"/home/wilian/go/src/github.com/ZupIT/horusec/horusec-admin/src/controllers/health_controller.ts","statementMap":{"0":{"start":{"line":5,"column":23},"end":{"line":5,"column":35}},"1":{"start":{"line":8,"column":8},"end":{"line":14,"column":15}},"2":{"start":{"line":10,"column":16},"end":{"line":10,"column":46}},"3":{"start":{"line":13,"column":16},"end":{"line":13,"column":49}},"4":{"start":{"line":4,"column":0},"end":{"line":4,"column":13}}},"fnMap":{"0":{"name":"(anonymous_0)","decl":{"start":{"line":5,"column":4},"end":{"line":5,"column":23}},"loc":{"start":{"line":5,"column":35},"end":{"line":5,"column":39}}},"1":{"name":"(anonymous_1)","decl":{"start":{"line":7,"column":11},"end":{"line":7,"column":22}},"loc":{"start":{"line":7,"column":48},"end":{"line":15,"column":5}}},"2":{"name":"(anonymous_2)","decl":{"start":{"line":9,"column":18},"end":{"line":9,"column":21}},"loc":{"start":{"line":9,"column":23},"end":{"line":11,"column":13}}},"3":{"name":"(anonymous_3)","decl":{"start":{"line":12,"column":19},"end":{"line":12,"column":20}},"loc":{"start":{"line":12,"column":27},"end":{"line":14,"column":13}}}},"branchMap":{},"s":{"0":2,"1":2,"2":1,"3":1,"4":1},"f":{"0":2,"1":2,"2":1,"3":1},"b":{}}
,"/home/wilian/go/src/github.com/ZupIT/horusec/horusec-admin/src/controllers/horusec_controller.ts": {"path":"/home/wilian/go/src/github.com/ZupIT/horusec/horusec-admin/src/controllers/horusec_controller.ts","statementMap":{"0":{"start":{"line":1,"column":0},"end":{"line":1,"column":85}},"1":{"start":{"line":9,"column":15},"end":{"line":9,"column":27}},"2":{"start":{"line":11,"column":8},"end":{"line":11,"column":88}},"3":{"start":{"line":15,"column":8},"end":{"line":17,"column":null}},"4":{"start":{"line":16,"column":12},"end":{"line":16,"column":73}},"5":{"start":{"line":19,"column":8},"end":{"line":19,"column":30}},"6":{"start":{"line":21,"column":36},"end":{"line":23,"column":10}},"7":{"start":{"line":25,"column":8},"end":{"line":29,"column":11}},"8":{"start":{"line":26,"column":12},"end":{"line":28,"column":null}},"9":{"start":{"line":27,"column":16},"end":{"line":27,"column":52}},"10":{"start":{"line":31,"column":8},"end":{"line":36,"column":15}},"11":{"start":{"line":32,"column":24},"end":{"line":32,"column":46}},"12":{"start":{"line":34,"column":16},"end":{"line":34,"column":72}},"13":{"start":{"line":35,"column":16},"end":{"line":35,"column":49}},"14":{"start":{"line":5,"column":0},"end":{"line":5,"column":13}}},"fnMap":{"0":{"name":"(anonymous_0)","decl":{"start":{"line":8,"column":4},"end":{"line":8,"column":null}},"loc":{"start":{"line":9,"column":27},"end":{"line":12,"column":5}}},"1":{"name":"(anonymous_1)","decl":{"start":{"line":14,"column":11},"end":{"line":14,"column":27}},"loc":{"start":{"line":14,"column":55},"end":{"line":37,"column":5}}},"2":{"name":"(anonymous_2)","decl":{"start":{"line":25,"column":38},"end":{"line":25,"column":39}},"loc":{"start":{"line":25,"column":54},"end":{"line":29,"column":9}}},"3":{"name":"(anonymous_3)","decl":{"start":{"line":32,"column":18},"end":{"line":32,"column":21}},"loc":{"start":{"line":32,"column":24},"end":{"line":32,"column":46}}},"4":{"name":"(anonymous_4)","decl":{"start":{"line":33,"column":19},"end":{"line":33,"column":20}},"loc":{"start":{"line":33,"column":27},"end":{"line":36,"column":13}}}},"branchMap":{"0":{"loc":{"start":{"line":15,"column":8},"end":{"line":17,"column":null}},"type":"if","locations":[{"start":{"line":15,"column":8},"end":{"line":17,"column":null}},{"start":{"line":15,"column":8},"end":{"line":17,"column":null}}]},"1":{"loc":{"start":{"line":26,"column":12},"end":{"line":28,"column":null}},"type":"if","locations":[{"start":{"line":26,"column":12},"end":{"line":28,"column":null}},{"start":{"line":26,"column":12},"end":{"line":28,"column":null}}]}},"s":{"0":1,"1":5,"2":5,"3":5,"4":1,"5":4,"6":4,"7":4,"8":4,"9":3,"10":4,"11":3,"12":1,"13":1,"14":1},"f":{"0":5,"1":5,"2":4,"3":3,"4":1},"b":{"0":[1,4],"1":[3,1]}}
,"/home/wilian/go/src/github.com/ZupIT/horusec/horusec-admin/src/database/postgresql_database.ts": {"path":"/home/wilian/go/src/github.com/ZupIT/horusec/horusec-admin/src/database/postgresql_database.ts","statementMap":{"0":{"start":{"line":1,"column":0},"end":{"line":1,"column":38}},"1":{"start":{"line":8,"column":15},"end":{"line":8,"column":30}},"2":{"start":{"line":10,"column":8},"end":{"line":10,"column":23}},"3":{"start":{"line":14,"column":8},"end":{"line":17,"column":11}},"4":{"start":{"line":21,"column":8},"end":{"line":21,"column":38}},"5":{"start":{"line":25,"column":8},"end":{"line":27,"column":null}},"6":{"start":{"line":26,"column":12},"end":{"line":26,"column":27}},"7":{"start":{"line":28,"column":8},"end":{"line":28,"column":23}},"8":{"start":{"line":4,"column":0},"end":{"line":4,"column":13}}},"fnMap":{"0":{"name":"(anonymous_0)","decl":{"start":{"line":7,"column":4},"end":{"line":7,"column":null}},"loc":{"start":{"line":8,"column":30},"end":{"line":11,"column":5}}},"1":{"name":"(anonymous_1)","decl":{"start":{"line":13,"column":12},"end":{"line":13,"column":19}},"loc":{"start":{"line":13,"column":19},"end":{"line":18,"column":5}}},"2":{"name":"(anonymous_2)","decl":{"start":{"line":20,"column":11},"end":{"line":20,"column":22}},"loc":{"start":{"line":20,"column":22},"end":{"line":22,"column":5}}},"3":{"name":"(anonymous_3)","decl":{"start":{"line":24,"column":11},"end":{"line":24,"column":24}},"loc":{"start":{"line":24,"column":24},"end":{"line":29,"column":5}}}},"branchMap":{"0":{"loc":{"start":{"line":25,"column":8},"end":{"line":27,"column":null}},"type":"if","locations":[{"start":{"line":25,"column":8},"end":{"line":27,"column":null}},{"start":{"line":25,"column":8},"end":{"line":27,"column":null}}]}},"s":{"0":4,"1":12,"2":12,"3":13,"4":5,"5":7,"6":1,"7":7,"8":4},"f":{"0":12,"1":13,"2":5,"3":7},"b":{"0":[1,6]}}
,"/home/wilian/go/src/github.com/ZupIT/horusec/horusec-admin/src/middlewares/auth_middleware.ts": {"path":"/home/wilian/go/src/github.com/ZupIT/horusec/horusec-admin/src/middlewares/auth_middleware.ts","statementMap":{"0":{"start":{"line":2,"column":0},"end":{"line":2,"column":48}},"1":{"start":{"line":5,"column":12},"end":{"line":5,"column":27}},"2":{"start":{"line":6,"column":12},"end":{"line":6,"column":29}},"3":{"start":{"line":9,"column":8},"end":{"line":9,"column":30}},"4":{"start":{"line":11,"column":8},"end":{"line":11,"column":68}},"5":{"start":{"line":11,"column":26},"end":{"line":11,"column":47}},"6":{"start":{"line":15,"column":8},"end":{"line":17,"column":null}},"7":{"start":{"line":16,"column":12},"end":{"line":16,"column":54}},"8":{"start":{"line":19,"column":37},"end":{"line":19,"column":105}},"9":{"start":{"line":21,"column":8},"end":{"line":23,"column":null}},"10":{"start":{"line":22,"column":12},"end":{"line":22,"column":26}},"11":{"start":{"line":25,"column":8},"end":{"line":25,"column":26}},"12":{"start":{"line":26,"column":8},"end":{"line":30,"column":null}},"13":{"start":{"line":27,"column":12},"end":{"line":27,"column":101}},"14":{"start":{"line":28,"column":12},"end":{"line":28,"column":63}},"15":{"start":{"line":29,"column":12},"end":{"line":29,"column":32}},"16":{"start":{"line":32,"column":8},"end":{"line":32,"column":50}},"17":{"start":{"line":36,"column":8},"end":{"line":38,"column":null}},"18":{"start":{"line":37,"column":12},"end":{"line":37,"column":26}},"19":{"start":{"line":40,"column":8},"end":{"line":40,"column":26}},"20":{"start":{"line":41,"column":8},"end":{"line":45,"column":null}},"21":{"start":{"line":42,"column":12},"end":{"line":42,"column":101}},"22":{"start":{"line":43,"column":12},"end":{"line":43,"column":63}},"23":{"start":{"line":44,"column":12},"end":{"line":44,"column":32}},"24":{"start":{"line":47,"column":8},"end":{"line":47,"column":50}},"25":{"start":{"line":51,"column":8},"end":{"line":56,"column":null}},"26":{"start":{"line":52,"column":12},"end":{"line":52,"column":51}},"27":{"start":{"line":54,"column":12},"end":{"line":54,"column":63}},"28":{"start":{"line":55,"column":12},"end":{"line":55,"column":102}},"29":{"start":{"line":60,"column":29},"end":{"line":60,"column":40}},"30":{"start":{"line":61,"column":38},"end":{"line":61,"column":65}},"31":{"start":{"line":62,"column":29},"end":{"line":62,"column":53}},"32":{"start":{"line":64,"column":8},"end":{"line":72,"column":null}},"33":{"start":{"line":64,"column":26},"end":{"line":64,"column":27}},"34":{"start":{"line":65,"column":26},"end":{"line":65,"column":31}},"35":{"start":{"line":66,"column":10},"end":{"line":68,"column":null}},"36":{"start":{"line":67,"column":12},"end":{"line":67,"column":31}},"37":{"start":{"line":69,"column":10},"end":{"line":71,"column":null}},"38":{"start":{"line":70,"column":12},"end":{"line":70,"column":54}},"39":{"start":{"line":73,"column":8},"end":{"line":73,"column":18}},"40":{"start":{"line":4,"column":0},"end":{"line":4,"column":13}}},"fnMap":{"0":{"name":"(anonymous_0)","decl":{"start":{"line":8,"column":4},"end":{"line":8,"column":null}},"loc":{"start":{"line":8,"column":4},"end":{"line":12,"column":5}}},"1":{"name":"(anonymous_1)","decl":{"start":{"line":11,"column":20},"end":{"line":11,"column":23}},"loc":{"start":{"line":11,"column":26},"end":{"line":11,"column":47}}},"2":{"name":"(anonymous_2)","decl":{"start":{"line":14,"column":11},"end":{"line":14,"column":24}},"loc":{"start":{"line":14,"column":63},"end":{"line":33,"column":5}}},"3":{"name":"(anonymous_3)","decl":{"start":{"line":35,"column":11},"end":{"line":35,"column":23}},"loc":{"start":{"line":35,"column":62},"end":{"line":48,"column":5}}},"4":{"name":"(anonymous_4)","decl":{"start":{"line":50,"column":12},"end":{"line":50,"column":26}},"loc":{"start":{"line":50,"column":59},"end":{"line":57,"column":5}}},"5":{"name":"(anonymous_5)","decl":{"start":{"line":59,"column":12},"end":{"line":59,"column":30}},"loc":{"start":{"line":59,"column":61},"end":{"line":74,"column":5}}}},"branchMap":{"0":{"loc":{"start":{"line":15,"column":8},"end":{"line":17,"column":null}},"type":"if","locations":[{"start":{"line":15,"column":8},"end":{"line":17,"column":null}},{"start":{"line":15,"column":8},"end":{"line":17,"column":null}}]},"1":{"loc":{"start":{"line":21,"column":8},"end":{"line":23,"column":null}},"type":"if","locations":[{"start":{"line":21,"column":8},"end":{"line":23,"column":null}},{"start":{"line":21,"column":8},"end":{"line":23,"column":null}}]},"2":{"loc":{"start":{"line":26,"column":8},"end":{"line":30,"column":null}},"type":"if","locations":[{"start":{"line":26,"column":8},"end":{"line":30,"column":null}},{"start":{"line":26,"column":8},"end":{"line":30,"column":null}}]},"3":{"loc":{"start":{"line":36,"column":8},"end":{"line":38,"column":null}},"type":"if","locations":[{"start":{"line":36,"column":8},"end":{"line":38,"column":null}},{"start":{"line":36,"column":8},"end":{"line":38,"column":null}}]},"4":{"loc":{"start":{"line":41,"column":8},"end":{"line":45,"column":null}},"type":"if","locations":[{"start":{"line":41,"column":8},"end":{"line":45,"column":null}},{"start":{"line":41,"column":8},"end":{"line":45,"column":null}}]},"5":{"loc":{"start":{"line":50,"column":57},"end":{"line":50,"column":59}},"type":"default-arg","locations":[{"start":{"line":50,"column":57},"end":{"line":50,"column":59}}]},"6":{"loc":{"start":{"line":51,"column":8},"end":{"line":56,"column":null}},"type":"if","locations":[{"start":{"line":51,"column":8},"end":{"line":56,"column":null}},{"start":{"line":51,"column":8},"end":{"line":56,"column":null}}]},"7":{"loc":{"start":{"line":69,"column":10},"end":{"line":71,"column":null}},"type":"if","locations":[{"start":{"line":69,"column":10},"end":{"line":71,"column":null}},{"start":{"line":69,"column":10},"end":{"line":71,"column":null}}]}},"s":{"0":1,"1":13,"2":13,"3":13,"4":13,"5":0,"6":9,"7":1,"8":8,"9":8,"10":2,"11":6,"12":6,"13":1,"14":1,"15":1,"16":6,"17":6,"18":2,"19":4,"20":4,"21":1,"22":1,"23":1,"24":4,"25":25,"26":11,"27":14,"28":14,"29":10,"30":10,"31":10,"32":10,"33":10,"34":10,"35":10,"36":1,"37":10,"38":6,"39":4,"40":1},"f":{"0":13,"1":0,"2":9,"3":6,"4":25,"5":10},"b":{"0":[1,8],"1":[2,6],"2":[1,5],"3":[2,4],"4":[1,3],"5":[14],"6":[11,14],"7":[6,4]}}
,"/home/wilian/go/src/github.com/ZupIT/horusec/horusec-admin/src/models/horusec_config_model.ts": {"path":"/home/wilian/go/src/github.com/ZupIT/horusec/horusec-admin/src/models/horusec_config_model.ts","statementMap":{"0":{"start":{"line":1,"column":0},"end":{"line":1,"column":67}},"1":{"start":{"line":9,"column":24},"end":{"line":9,"column":38}},"2":{"start":{"line":6,"column":11},"end":{"line":6,"column":40}},"3":{"start":{"line":10,"column":8},"end":{"line":82,"column":11}},"4":{"start":{"line":84,"column":8},"end":{"line":86,"column":null}},"5":{"start":{"line":85,"column":12},"end":{"line":85,"column":87}},"6":{"start":{"line":5,"column":0},"end":{"line":5,"column":13}}},"fnMap":{"0":{"name":"(anonymous_0)","decl":{"start":{"line":9,"column":4},"end":{"line":9,"column":24}},"loc":{"start":{"line":9,"column":38},"end":{"line":87,"column":5}}}},"branchMap":{"0":{"loc":{"start":{"line":84,"column":8},"end":{"line":86,"column":null}},"type":"if","locations":[{"start":{"line":84,"column":8},"end":{"line":86,"column":null}},{"start":{"line":84,"column":8},"end":{"line":86,"column":null}}]}},"s":{"0":2,"1":7,"2":7,"3":7,"4":7,"5":1,"6":2},"f":{"0":7},"b":{"0":[1,6]}}
,"/home/wilian/go/src/github.com/ZupIT/horusec/horusec-admin/src/utils/env_util.ts": {"path":"/home/wilian/go/src/github.com/ZupIT/horusec/horusec-admin/src/utils/env_util.ts","statementMap":{"0":{"start":{"line":3,"column":8},"end":{"line":5,"column":null}},"1":{"start":{"line":4,"column":12},"end":{"line":4,"column":40}},"2":{"start":{"line":7,"column":8},"end":{"line":7,"column":28}},"3":{"start":{"line":1,"column":0},"end":{"line":1,"column":13}}},"fnMap":{"0":{"name":"(anonymous_0)","decl":{"start":{"line":2,"column":4},"end":{"line":2,"column":19}},"loc":{"start":{"line":2,"column":57},"end":{"line":8,"column":5}}}},"branchMap":{"0":{"loc":{"start":{"line":3,"column":8},"end":{"line":5,"column":null}},"type":"if","locations":[{"start":{"line":3,"column":8},"end":{"line":5,"column":null}},{"start":{"line":3,"column":8},"end":{"line":5,"column":null}}]}},"s":{"0":59,"1":23,"2":36,"3":6},"f":{"0":59},"b":{"0":[23,36]}}
,"/home/wilian/go/src/github.com/ZupIT/horusec/horusec-admin/src/utils/token_util.ts": {"path":"/home/wilian/go/src/github.com/ZupIT/horusec/horusec-admin/src/utils/token_util.ts","statementMap":{"0":{"start":{"line":1,"column":0},"end":{"line":1,"column":33}},"1":{"start":{"line":5,"column":8},"end":{"line":5,"column":54}},"2":{"start":{"line":3,"column":0},"end":{"line":3,"column":13}}},"fnMap":{"0":{"name":"(anonymous_6)","decl":{"start":{"line":4,"column":11},"end":{"line":4,"column":24}},"loc":{"start":{"line":4,"column":24},"end":{"line":6,"column":5}}}},"branchMap":{},"s":{"0":2,"1":1016,"2":2},"f":{"0":1016},"b":{}}
}
