TN:
SF:src/config/config.ts
FN:14,(anonymous_0)
FN:22,(anonymous_1)
FN:30,(anonymous_2)
FN:34,(anonymous_3)
FN:38,(anonymous_4)
FNF:5
FNH:5
FNDA:19,(anonymous_0)
FNDA:19,(anonymous_1)
FNDA:19,(anonymous_2)
FNDA:19,(anonymous_3)
FNDA:19,(anonymous_4)
DA:1,5
DA:9,5
DA:15,19
DA:17,19
DA:18,19
DA:19,19
DA:23,19
DA:31,19
DA:35,19
DA:39,19
DA:40,19
LF:11
LH:11
BRDA:15,0,0,19
BRDA:40,1,0,19
BRDA:40,1,1,18
BRF:3
BRH:3
end_of_record
TN:
SF:src/controllers/health_controller.ts
FN:5,(anonymous_0)
FN:7,(anonymous_1)
FN:9,(anonymous_2)
FN:12,(anonymous_3)
FNF:4
FNH:4
FNDA:2,(anonymous_0)
FNDA:2,(anonymous_1)
FNDA:1,(anonymous_2)
FNDA:1,(anonymous_3)
DA:4,1
DA:5,2
DA:8,2
DA:10,1
DA:13,1
LF:5
LH:5
BRF:0
BRH:0
end_of_record
TN:
SF:src/controllers/horusec_controller.ts
FN:8,(anonymous_0)
FN:14,(anonymous_1)
FN:25,(anonymous_2)
FN:32,(anonymous_3)
FN:33,(anonymous_4)
FNF:5
FNH:5
FNDA:5,(anonymous_0)
FNDA:5,(anonymous_1)
FNDA:4,(anonymous_2)
FNDA:3,(anonymous_3)
FNDA:1,(anonymous_4)
DA:1,1
DA:5,1
DA:9,5
DA:11,5
DA:15,5
DA:16,1
DA:19,4
DA:21,4
DA:25,4
DA:26,4
DA:27,3
DA:31,4
DA:32,3
DA:34,1
DA:35,1
LF:15
LH:15
BRDA:15,0,0,1
BRDA:15,0,1,4
BRDA:26,1,0,3
BRDA:26,1,1,1
BRF:4
BRH:4
end_of_record
TN:
SF:src/database/postgresql_database.ts
FN:7,(anonymous_0)
FN:13,(anonymous_1)
FN:20,(anonymous_2)
FN:24,(anonymous_3)
FNF:4
FNH:4
FNDA:12,(anonymous_0)
FNDA:13,(anonymous_1)
FNDA:5,(anonymous_2)
FNDA:7,(anonymous_3)
DA:1,4
DA:4,4
DA:8,12
DA:10,12
DA:14,13
DA:21,5
DA:25,7
DA:26,1
DA:28,7
LF:9
LH:9
BRDA:25,0,0,1
BRDA:25,0,1,6
BRF:2
BRH:2
end_of_record
TN:
SF:src/middlewares/auth_middleware.ts
FN:8,(anonymous_0)
FN:11,(anonymous_1)
FN:14,(anonymous_2)
FN:35,(anonymous_3)
FN:50,(anonymous_4)
FN:59,(anonymous_5)
FNF:6
FNH:5
FNDA:13,(anonymous_0)
FNDA:0,(anonymous_1)
FNDA:9,(anonymous_2)
FNDA:6,(anonymous_3)
FNDA:25,(anonymous_4)
FNDA:10,(anonymous_5)
DA:2,1
DA:4,1
DA:5,13
DA:6,13
DA:9,13
DA:11,13
DA:15,9
DA:16,1
DA:19,8
DA:21,8
DA:22,2
DA:25,6
DA:26,6
DA:27,1
DA:28,1
DA:29,1
DA:32,6
DA:36,6
DA:37,2
DA:40,4
DA:41,4
DA:42,1
DA:43,1
DA:44,1
DA:47,4
DA:51,25
DA:52,11
DA:54,14
DA:55,14
DA:60,10
DA:61,10
DA:62,10
DA:64,10
DA:65,10
DA:66,10
DA:67,1
DA:69,10
DA:70,6
DA:73,4
LF:39
LH:39
BRDA:15,0,0,1
BRDA:15,0,1,8
BRDA:21,1,0,2
BRDA:21,1,1,6
BRDA:26,2,0,1
BRDA:26,2,1,5
BRDA:36,3,0,2
BRDA:36,3,1,4
BRDA:41,4,0,1
BRDA:41,4,1,3
BRDA:50,5,0,14
BRDA:51,6,0,11
BRDA:51,6,1,14
BRDA:69,7,0,6
BRDA:69,7,1,4
BRF:15
BRH:15
end_of_record
TN:
SF:src/models/horusec_config_model.ts
FN:9,(anonymous_0)
FNF:1
FNH:1
FNDA:7,(anonymous_0)
DA:1,2
DA:5,2
DA:6,7
DA:9,7
DA:10,7
DA:84,7
DA:85,1
LF:7
LH:7
BRDA:84,0,0,1
BRDA:84,0,1,6
BRF:2
BRH:2
end_of_record
TN:
SF:src/utils/env_util.ts
FN:2,(anonymous_0)
FNF:1
FNH:1
FNDA:59,(anonymous_0)
DA:1,6
DA:3,59
DA:4,23
DA:7,36
LF:4
LH:4
BRDA:3,0,0,23
BRDA:3,0,1,36
BRF:2
BRH:2
end_of_record
TN:
SF:src/utils/token_util.ts
FN:4,(anonymous_6)
FNF:1
FNH:1
FNDA:1016,(anonymous_6)
DA:1,2
DA:3,2
DA:5,1016
LF:3
LH:3
BRF:0
BRH:0
end_of_record
